29/05/2015 01:42:23 tokenlogger Blazing fast internet speeds
 29/05/2015 01:42:23 tokenlogger 0|+1|0|0|
 29/05/2015 01:42:23 tokenlogger  I'm blown away 
 29/05/2015 01:42:23 tokenlogger 0|0|0|
 29/05/2015 01:42:23 tokenlogger --Line relevenc flag : true
 29/05/2015 01:42:23 tokenlogger --Line rating : 1
 29/05/2015 01:42:23 tokenlogger --Line brk--
 29/05/2015 01:42:23 tokenlogger I have been talking to 5 agents so far
 29/05/2015 01:42:23 tokenlogger 0|0|0|0|0|0|0|0|0|
 29/05/2015 01:42:23 tokenlogger  still no end to my pain
 29/05/2015 01:42:23 tokenlogger 0|0|0|0|0|-3|
 29/05/2015 01:42:23 tokenlogger  phone can't be dead for 10 days
 29/05/2015 01:42:23 tokenlogger 0|0|0|-1|0|0|0|
 29/05/2015 01:42:23 tokenlogger  
 29/05/2015 01:42:23 tokenlogger 
 29/05/2015 01:42:23 tokenlogger --Line relevenc flag : true
 29/05/2015 01:42:23 tokenlogger --Line rating : -4
 29/05/2015 01:42:23 tokenlogger --Line brk--
 29/05/2015 01:42:23 tokenlogger Been a loyal customer for 3 years enjoying the service
 29/05/2015 01:42:23 tokenlogger 0|0|+1|0|0|0|0|+1|0|0|
 29/05/2015 01:42:23 tokenlogger  the last three months has been horrible 
 29/05/2015 01:42:23 tokenlogger 0|0|0|0|0|0|-3|
 29/05/2015 01:42:23 tokenlogger --Line relevenc flag : true
 29/05/2015 01:42:23 tokenlogger --Line rating : -1
 29/05/2015 01:42:23 tokenlogger --Line brk--
 29/05/2015 01:42:23 tokenlogger Network quality is great but certainly not value for money
 29/05/2015 01:42:23 tokenlogger 0|0|0|+1|0|0|0|-1|0|0|
 29/05/2015 01:42:23 tokenlogger  I can get better deals elsewhere 
 29/05/2015 01:42:23 tokenlogger 0|0|0|+1|0|-1|
 29/05/2015 01:42:23 tokenlogger --Line relevenc flag : true
 29/05/2015 01:42:23 tokenlogger --Line rating : 0
 29/05/2015 01:42:23 tokenlogger --Line brk--
 29/05/2015 01:42:23 tokenlogger Summer is finally here 
 29/05/2015 01:42:23 tokenlogger 0|0|0|0|
 29/05/2015 01:42:23 tokenlogger --Line relevenc flag : false
 29/05/2015 01:42:23 tokenlogger --Line rating : 0
 29/05/2015 01:42:23 tokenlogger --Line brk--
 29/05/2015 01:42:23 tokenlogger Amazing picture quality
 29/05/2015 01:42:23 tokenlogger +1|0|0|
 29/05/2015 01:42:23 tokenlogger  HD TV Rocks 
 29/05/2015 01:42:23 tokenlogger 0|0|+1|
 29/05/2015 01:42:23 tokenlogger --Line relevenc flag : true
 29/05/2015 01:42:23 tokenlogger --Line rating : 2
 29/05/2015 01:42:23 tokenlogger --Line brk--
 29/05/2015 01:42:23 tokenlogger The entire ordering process was a breeze
 29/05/2015 01:42:23 tokenlogger 0|0|0|0|0|0|+1|
 29/05/2015 01:42:23 tokenlogger  Loved it 
 29/05/2015 01:42:23 tokenlogger +1|0|
 29/05/2015 01:42:23 tokenlogger --Line relevenc flag : true
 29/05/2015 01:42:23 tokenlogger --Line rating : 2
 29/05/2015 01:42:23 tokenlogger --Line brk--
 29/05/2015 01:42:23 tokenlogger Arrived in a timely fashion
 29/05/2015 01:42:23 tokenlogger 0|0|0|+1|0|
 29/05/2015 01:42:23 tokenlogger  Plugged it in and it works like a charm
 29/05/2015 01:42:23 tokenlogger 0|0|0|0|0|0|0|0|+1|
 29/05/2015 01:42:23 tokenlogger  No more annoying beeping from the old battery
 29/05/2015 01:42:23 tokenlogger 0|0|-1|0|0|0|0|0|
 29/05/2015 01:42:23 tokenlogger  After doing some homework
 29/05/2015 01:42:23 tokenlogger 0|0|0|0|
 29/05/2015 01:42:23 tokenlogger  we found this price extremely affordable
 29/05/2015 01:42:23 tokenlogger 0|0|0|0|0|+1|
 29/05/2015 01:42:23 tokenlogger  
 29/05/2015 01:42:23 tokenlogger 
 29/05/2015 01:42:23 tokenlogger --Line relevenc flag : true
 29/05/2015 01:42:23 tokenlogger --Line rating : 2
 29/05/2015 01:42:23 tokenlogger --Line brk--
 29/05/2015 01:42:23 tokenlogger I took the day off yesterday for the installation
 29/05/2015 01:42:23 tokenlogger 0|0|0|0|0|0|0|0|0|
 29/05/2015 01:42:23 tokenlogger  whole family was around and the technician did not show up
 29/05/2015 01:42:23 tokenlogger 0|0|0|0|0|0|0|0|0|0|0|
 29/05/2015 01:42:23 tokenlogger  How do I cancel the service now
 29/05/2015 01:42:23 tokenlogger 0|0|0|-1|0|0|0|
 29/05/2015 01:42:23 tokenlogger  
 29/05/2015 01:42:23 tokenlogger 
 29/05/2015 01:42:23 tokenlogger --Line relevenc flag : true
 29/05/2015 01:42:23 tokenlogger --Line rating : -1
 29/05/2015 01:42:23 tokenlogger --Line brk--
 29/05/2015 01:42:23 tokenlogger It's been a crazy day
 29/05/2015 01:42:23 tokenlogger 0|0|0|-1|0|
 29/05/2015 01:42:23 tokenlogger  traffic is horrible 
 29/05/2015 01:42:23 tokenlogger 0|0|-3|
 29/05/2015 01:42:23 tokenlogger --Line relevenc flag : false
 29/05/2015 01:42:23 tokenlogger --Line rating : 0
 29/05/2015 01:42:23 tokenlogger --Line brk--
 29/05/2015 01:42:23 tokenlogger Blazing fast internet speeds
 29/05/2015 01:42:23 tokenlogger 0|+1|0|0|
 29/05/2015 01:42:23 tokenlogger  I'm blown away 
 29/05/2015 01:42:23 tokenlogger 0|0|0|
 29/05/2015 01:42:23 tokenlogger --Line relevenc flag : true
 29/05/2015 01:42:23 tokenlogger --Line rating : 1
 29/05/2015 01:42:23 tokenlogger --Line brk--
 29/05/2015 01:42:23 tokenlogger I have been talking to 5 agents so far
 29/05/2015 01:42:23 tokenlogger 0|0|0|0|0|0|0|0|0|
 29/05/2015 01:42:23 tokenlogger  still no end to my pain
 29/05/2015 01:42:23 tokenlogger 0|0|0|0|0|-3|
 29/05/2015 01:42:23 tokenlogger  phone can't be dead for 10 days
 29/05/2015 01:42:23 tokenlogger 0|0|0|-1|0|0|0|
 29/05/2015 01:42:23 tokenlogger  
 29/05/2015 01:42:23 tokenlogger 
 29/05/2015 01:42:23 tokenlogger --Line relevenc flag : true
 29/05/2015 01:42:23 tokenlogger --Line rating : -4
 29/05/2015 01:42:23 tokenlogger --Line brk--
 29/05/2015 01:42:23 tokenlogger Been a loyal customer for 3 years enjoying the service
 29/05/2015 01:42:23 tokenlogger 0|0|+1|0|0|0|0|+1|0|0|
 29/05/2015 01:42:23 tokenlogger  the last three months has been horrible 
 29/05/2015 01:42:23 tokenlogger 0|0|0|0|0|0|-3|
 29/05/2015 01:42:23 tokenlogger --Line relevenc flag : true
 29/05/2015 01:42:23 tokenlogger --Line rating : -1
 29/05/2015 01:42:23 tokenlogger --Line brk--
 29/05/2015 01:42:23 tokenlogger Network quality is great but certainly not value for money
 29/05/2015 01:42:23 tokenlogger 0|0|0|+1|0|0|0|-1|0|0|
 29/05/2015 01:42:23 tokenlogger  I can get better deals elsewhere 
 29/05/2015 01:42:23 tokenlogger 0|0|0|+1|0|-1|
 29/05/2015 01:42:23 tokenlogger --Line relevenc flag : true
 29/05/2015 01:42:23 tokenlogger --Line rating : 0
 29/05/2015 01:42:23 tokenlogger --Line brk--
 29/05/2015 01:42:23 tokenlogger Summer is finally here 
 29/05/2015 01:42:23 tokenlogger 0|0|0|0|
 29/05/2015 01:42:23 tokenlogger --Line relevenc flag : false
 29/05/2015 01:42:23 tokenlogger --Line rating : 0
 29/05/2015 01:42:23 tokenlogger --Line brk--
 29/05/2015 01:42:23 tokenlogger Amazing picture quality
 29/05/2015 01:42:23 tokenlogger +1|0|0|
 29/05/2015 01:42:23 tokenlogger  HD TV Rocks 
 29/05/2015 01:42:23 tokenlogger 0|0|+1|
 29/05/2015 01:42:23 tokenlogger --Line relevenc flag : true
 29/05/2015 01:42:23 tokenlogger --Line rating : 2
 29/05/2015 01:42:23 tokenlogger --Line brk--
 29/05/2015 01:42:23 tokenlogger The entire ordering process was a breeze
 29/05/2015 01:42:23 tokenlogger 0|0|0|0|0|0|+1|
 29/05/2015 01:42:23 tokenlogger  Loved it 
 29/05/2015 01:42:23 tokenlogger +1|0|
 29/05/2015 01:42:23 tokenlogger --Line relevenc flag : true
 29/05/2015 01:42:23 tokenlogger --Line rating : 2
 29/05/2015 01:42:23 tokenlogger --Line brk--
 29/05/2015 01:42:23 tokenlogger Arrived in a timely fashion
 29/05/2015 01:42:23 tokenlogger 0|0|0|+1|0|
 29/05/2015 01:42:23 tokenlogger  Plugged it in and it works like a charm
 29/05/2015 01:42:23 tokenlogger 0|0|0|0|0|0|0|0|+1|
 29/05/2015 01:42:23 tokenlogger  No more annoying beeping from the old battery
 29/05/2015 01:42:23 tokenlogger 0|0|-1|0|0|0|0|0|
 29/05/2015 01:42:23 tokenlogger  After doing some homework
 29/05/2015 01:42:23 tokenlogger 0|0|0|0|
 29/05/2015 01:42:23 tokenlogger  we found this price extremely affordable
 29/05/2015 01:42:23 tokenlogger 0|0|0|0|0|+1|
 29/05/2015 01:42:23 tokenlogger  
 29/05/2015 01:42:23 tokenlogger 
 29/05/2015 01:42:23 tokenlogger --Line relevenc flag : true
 29/05/2015 01:42:23 tokenlogger --Line rating : 2
 29/05/2015 01:42:23 tokenlogger --Line brk--
 29/05/2015 01:42:23 tokenlogger I took the day off yesterday for the installation
 29/05/2015 01:42:23 tokenlogger 0|0|0|0|0|0|0|0|0|
 29/05/2015 01:42:23 tokenlogger  whole family was around and the technician did not show up
 29/05/2015 01:42:23 tokenlogger 0|0|0|0|0|0|0|0|0|0|0|
 29/05/2015 01:42:23 tokenlogger  How do I cancel the service now
 29/05/2015 01:42:23 tokenlogger 0|0|0|-1|0|0|0|
 29/05/2015 01:42:23 tokenlogger  
 29/05/2015 01:42:23 tokenlogger 
 29/05/2015 01:42:23 tokenlogger --Line relevenc flag : true
 29/05/2015 01:42:23 tokenlogger --Line rating : -1
 29/05/2015 01:42:23 tokenlogger --Line brk--
 29/05/2015 01:42:23 tokenlogger It's been a crazy day
 29/05/2015 01:42:23 tokenlogger 0|0|0|-1|0|
 29/05/2015 01:42:23 tokenlogger  traffic is horrible 
 29/05/2015 01:42:23 tokenlogger 0|0|-3|
 29/05/2015 01:42:23 tokenlogger --Line relevenc flag : false
 29/05/2015 01:42:23 tokenlogger --Line rating : 0
 29/05/2015 01:42:23 tokenlogger --Line brk--
 29/05/2015 01:42:23 tokenlogger Blazing fast internet speeds
 29/05/2015 01:42:23 tokenlogger 0|+1|0|0|
 29/05/2015 01:42:23 tokenlogger  I'm blown away 
 29/05/2015 01:42:23 tokenlogger 0|0|0|
 29/05/2015 01:42:23 tokenlogger --Line relevenc flag : true
 29/05/2015 01:42:23 tokenlogger --Line rating : 1
 29/05/2015 01:42:23 tokenlogger --Line brk--
 29/05/2015 01:42:23 tokenlogger I have been talking to 5 agents so far
 29/05/2015 01:42:23 tokenlogger 0|0|0|0|0|0|0|0|0|
 29/05/2015 01:42:23 tokenlogger  still no end to my pain
 29/05/2015 01:42:23 tokenlogger 0|0|0|0|0|-3|
 29/05/2015 01:42:23 tokenlogger  phone can't be dead for 10 days
 29/05/2015 01:42:23 tokenlogger 0|0|0|-1|0|0|0|
 29/05/2015 01:42:23 tokenlogger  
 29/05/2015 01:42:23 tokenlogger 
 29/05/2015 01:42:23 tokenlogger --Line relevenc flag : true
 29/05/2015 01:42:23 tokenlogger --Line rating : -4
 29/05/2015 01:42:23 tokenlogger --Line brk--
 29/05/2015 01:42:23 tokenlogger Been a loyal customer for 3 years enjoying the service
 29/05/2015 01:42:23 tokenlogger 0|0|+1|0|0|0|0|+1|0|0|
 29/05/2015 01:42:23 tokenlogger  the last three months has been horrible 
 29/05/2015 01:42:23 tokenlogger 0|0|0|0|0|0|-3|
 29/05/2015 01:42:23 tokenlogger --Line relevenc flag : true
 29/05/2015 01:42:23 tokenlogger --Line rating : -1
 29/05/2015 01:42:23 tokenlogger --Line brk--
 29/05/2015 01:42:23 tokenlogger Network quality is great but certainly not value for money
 29/05/2015 01:42:23 tokenlogger 0|0|0|+1|0|0|0|-1|0|0|
 29/05/2015 01:42:23 tokenlogger  I can get better deals elsewhere 
 29/05/2015 01:42:23 tokenlogger 0|0|0|+1|0|-1|
 29/05/2015 01:42:23 tokenlogger --Line relevenc flag : true
 29/05/2015 01:42:23 tokenlogger --Line rating : 0
 29/05/2015 01:42:23 tokenlogger --Line brk--
 29/05/2015 01:42:23 tokenlogger Summer is finally here 
 29/05/2015 01:42:23 tokenlogger 0|0|0|0|
 29/05/2015 01:42:23 tokenlogger --Line relevenc flag : false
 29/05/2015 01:42:23 tokenlogger --Line rating : 0
 29/05/2015 01:42:23 tokenlogger --Line brk--
 29/05/2015 01:42:23 tokenlogger Amazing picture quality
 29/05/2015 01:42:23 tokenlogger +1|0|0|
 29/05/2015 01:42:23 tokenlogger  HD TV Rocks 
 29/05/2015 01:42:23 tokenlogger 0|0|+1|
 29/05/2015 01:42:23 tokenlogger --Line relevenc flag : true
 29/05/2015 01:42:23 tokenlogger --Line rating : 2
 29/05/2015 01:42:23 tokenlogger --Line brk--
 29/05/2015 01:42:23 tokenlogger The entire ordering process was a breeze
 29/05/2015 01:42:23 tokenlogger 0|0|0|0|0|0|+1|
 29/05/2015 01:42:23 tokenlogger  Loved it 
 29/05/2015 01:42:23 tokenlogger +1|0|
 29/05/2015 01:42:23 tokenlogger --Line relevenc flag : true
 29/05/2015 01:42:23 tokenlogger --Line rating : 2
 29/05/2015 01:42:23 tokenlogger --Line brk--
 29/05/2015 01:42:23 tokenlogger Arrived in a timely fashion
 29/05/2015 01:42:23 tokenlogger 0|0|0|+1|0|
 29/05/2015 01:42:23 tokenlogger  Plugged it in and it works like a charm
 29/05/2015 01:42:23 tokenlogger 0|0|0|0|0|0|0|0|+1|
 29/05/2015 01:42:23 tokenlogger  No more annoying beeping from the old battery
 29/05/2015 01:42:23 tokenlogger 0|0|-1|0|0|0|0|0|
 29/05/2015 01:42:23 tokenlogger  After doing some homework
 29/05/2015 01:42:23 tokenlogger 0|0|0|0|
 29/05/2015 01:42:23 tokenlogger  we found this price extremely affordable
 29/05/2015 01:42:23 tokenlogger 0|0|0|0|0|+1|
 29/05/2015 01:42:23 tokenlogger  
 29/05/2015 01:42:23 tokenlogger 
 29/05/2015 01:42:23 tokenlogger --Line relevenc flag : true
 29/05/2015 01:42:23 tokenlogger --Line rating : 2
 29/05/2015 01:42:23 tokenlogger --Line brk--
 29/05/2015 01:42:23 tokenlogger I took the day off yesterday for the installation
 29/05/2015 01:42:23 tokenlogger 0|0|0|0|0|0|0|0|0|
 29/05/2015 01:42:23 tokenlogger  whole family was around and the technician did not show up
 29/05/2015 01:42:23 tokenlogger 0|0|0|0|0|0|0|0|0|0|0|
 29/05/2015 01:42:23 tokenlogger  How do I cancel the service now
 29/05/2015 01:42:23 tokenlogger 0|0|0|-1|0|0|0|
 29/05/2015 01:42:23 tokenlogger  
 29/05/2015 01:42:23 tokenlogger 
 29/05/2015 01:42:23 tokenlogger --Line relevenc flag : true
 29/05/2015 01:42:23 tokenlogger --Line rating : -1
 29/05/2015 01:42:23 tokenlogger --Line brk--
 29/05/2015 01:42:23 tokenlogger It's been a crazy day
 29/05/2015 01:42:23 tokenlogger 0|0|0|-1|0|
 29/05/2015 01:42:23 tokenlogger  traffic is horrible 
 29/05/2015 01:42:23 tokenlogger 0|0|-3|
 29/05/2015 01:42:23 tokenlogger --Line relevenc flag : false
 29/05/2015 01:42:23 tokenlogger --Line rating : 0
 29/05/2015 01:42:23 tokenlogger --Line brk--
 29/05/2015 01:42:23 tokenlogger Blazing fast internet speeds
 29/05/2015 01:42:23 tokenlogger 0|+1|0|0|
 29/05/2015 01:42:23 tokenlogger  I'm blown away 
 29/05/2015 01:42:23 tokenlogger 0|0|0|
 29/05/2015 01:42:23 tokenlogger --Line relevenc flag : true
 29/05/2015 01:42:23 tokenlogger --Line rating : 1
 29/05/2015 01:42:23 tokenlogger --Line brk--
 29/05/2015 01:42:23 tokenlogger I have been talking to 5 agents so far
 29/05/2015 01:42:23 tokenlogger 0|0|0|0|0|0|0|0|0|
 29/05/2015 01:42:23 tokenlogger  still no end to my pain
 29/05/2015 01:42:23 tokenlogger 0|0|0|0|0|-3|
 29/05/2015 01:42:23 tokenlogger  phone can't be dead for 10 days
 29/05/2015 01:42:23 tokenlogger 0|0|0|-1|0|0|0|
 29/05/2015 01:42:23 tokenlogger  
 29/05/2015 01:42:23 tokenlogger 
 29/05/2015 01:42:23 tokenlogger --Line relevenc flag : true
 29/05/2015 01:42:23 tokenlogger --Line rating : -4
 29/05/2015 01:42:23 tokenlogger --Line brk--
 29/05/2015 01:42:23 tokenlogger Been a loyal customer for 3 years enjoying the service
 29/05/2015 01:42:23 tokenlogger 0|0|+1|0|0|0|0|+1|0|0|
 29/05/2015 01:42:23 tokenlogger  the last three months has been horrible 
 29/05/2015 01:42:23 tokenlogger 0|0|0|0|0|0|-3|
 29/05/2015 01:42:23 tokenlogger --Line relevenc flag : true
 29/05/2015 01:42:23 tokenlogger --Line rating : -1
 29/05/2015 01:42:23 tokenlogger --Line brk--
 29/05/2015 01:42:23 tokenlogger Network quality is great but certainly not value for money
 29/05/2015 01:42:23 tokenlogger 0|0|0|+1|0|0|0|-1|0|0|
 29/05/2015 01:42:23 tokenlogger  I can get better deals elsewhere 
 29/05/2015 01:42:23 tokenlogger 0|0|0|+1|0|-1|
 29/05/2015 01:42:23 tokenlogger --Line relevenc flag : true
 29/05/2015 01:42:23 tokenlogger --Line rating : 0
 29/05/2015 01:42:23 tokenlogger --Line brk--
 29/05/2015 01:42:23 tokenlogger Summer is finally here 
 29/05/2015 01:42:23 tokenlogger 0|0|0|0|
 29/05/2015 01:42:23 tokenlogger --Line relevenc flag : false
 29/05/2015 01:42:23 tokenlogger --Line rating : 0
 29/05/2015 01:42:23 tokenlogger --Line brk--
 29/05/2015 01:42:23 tokenlogger Amazing picture quality
 29/05/2015 01:42:23 tokenlogger +1|0|0|
 29/05/2015 01:42:23 tokenlogger  HD TV Rocks 
 29/05/2015 01:42:23 tokenlogger 0|0|+1|
 29/05/2015 01:42:23 tokenlogger --Line relevenc flag : true
 29/05/2015 01:42:23 tokenlogger --Line rating : 2
 29/05/2015 01:42:23 tokenlogger --Line brk--
 29/05/2015 01:42:23 tokenlogger The entire ordering process was a breeze
 29/05/2015 01:42:23 tokenlogger 0|0|0|0|0|0|+1|
 29/05/2015 01:42:23 tokenlogger  Loved it 
 29/05/2015 01:42:23 tokenlogger +1|0|
 29/05/2015 01:42:23 tokenlogger --Line relevenc flag : true
 29/05/2015 01:42:23 tokenlogger --Line rating : 2
 29/05/2015 01:42:23 tokenlogger --Line brk--
 29/05/2015 01:42:23 tokenlogger Arrived in a timely fashion
 29/05/2015 01:42:23 tokenlogger 0|0|0|+1|0|
 29/05/2015 01:42:23 tokenlogger  Plugged it in and it works like a charm
 29/05/2015 01:42:23 tokenlogger 0|0|0|0|0|0|0|0|+1|
 29/05/2015 01:42:23 tokenlogger  No more annoying beeping from the old battery
 29/05/2015 01:42:23 tokenlogger 0|0|-1|0|0|0|0|0|
 29/05/2015 01:42:23 tokenlogger  After doing some homework
 29/05/2015 01:42:23 tokenlogger 0|0|0|0|
 29/05/2015 01:42:23 tokenlogger  we found this price extremely affordable
 29/05/2015 01:42:23 tokenlogger 0|0|0|0|0|+1|
 29/05/2015 01:42:23 tokenlogger  
 29/05/2015 01:42:23 tokenlogger 
 29/05/2015 01:42:23 tokenlogger --Line relevenc flag : true
 29/05/2015 01:42:23 tokenlogger --Line rating : 2
 29/05/2015 01:42:23 tokenlogger --Line brk--
 29/05/2015 01:42:23 tokenlogger I took the day off yesterday for the installation
 29/05/2015 01:42:23 tokenlogger 0|0|0|0|0|0|0|0|0|
 29/05/2015 01:42:23 tokenlogger  whole family was around and the technician did not show up
 29/05/2015 01:42:23 tokenlogger 0|0|0|0|0|0|0|0|0|0|0|
 29/05/2015 01:42:23 tokenlogger  How do I cancel the service now
 29/05/2015 01:42:23 tokenlogger 0|0|0|-1|0|0|0|
 29/05/2015 01:42:23 tokenlogger  
 29/05/2015 01:42:23 tokenlogger 
 29/05/2015 01:42:23 tokenlogger --Line relevenc flag : true
 29/05/2015 01:42:23 tokenlogger --Line rating : -1
 29/05/2015 01:42:23 tokenlogger --Line brk--
 29/05/2015 01:42:23 tokenlogger It's been a crazy day
 29/05/2015 01:42:23 tokenlogger 0|0|0|-1|0|
 29/05/2015 01:42:23 tokenlogger  traffic is horrible 
 29/05/2015 01:42:23 tokenlogger 0|0|-3|
 29/05/2015 01:42:23 tokenlogger --Line relevenc flag : false
 29/05/2015 01:42:23 tokenlogger --Line rating : 0
 29/05/2015 01:42:23 tokenlogger --Line brk--
 29/05/2015 01:42:23 tokenlogger Blazing fast internet speeds
 29/05/2015 01:42:23 tokenlogger 0|+1|0|0|
 29/05/2015 01:42:23 tokenlogger  I'm blown away 
 29/05/2015 01:42:23 tokenlogger 0|0|0|
 29/05/2015 01:42:23 tokenlogger --Line relevenc flag : true
 29/05/2015 01:42:23 tokenlogger --Line rating : 1
 29/05/2015 01:42:23 tokenlogger --Line brk--
 29/05/2015 01:42:23 tokenlogger I have been talking to 5 agents so far
 29/05/2015 01:42:23 tokenlogger 0|0|0|0|0|0|0|0|0|
 29/05/2015 01:42:23 tokenlogger  still no end to my pain
 29/05/2015 01:42:23 tokenlogger 0|0|0|0|0|-3|
 29/05/2015 01:42:23 tokenlogger  phone can't be dead for 10 days
 29/05/2015 01:42:23 tokenlogger 0|0|0|-1|0|0|0|
 29/05/2015 01:42:23 tokenlogger  
 29/05/2015 01:42:23 tokenlogger 
 29/05/2015 01:42:23 tokenlogger --Line relevenc flag : true
 29/05/2015 01:42:23 tokenlogger --Line rating : -4
 29/05/2015 01:42:23 tokenlogger --Line brk--
 29/05/2015 01:42:23 tokenlogger Been a loyal customer for 3 years enjoying the service
 29/05/2015 01:42:23 tokenlogger 0|0|+1|0|0|0|0|+1|0|0|
 29/05/2015 01:42:23 tokenlogger  the last three months has been horrible 
 29/05/2015 01:42:23 tokenlogger 0|0|0|0|0|0|-3|
 29/05/2015 01:42:23 tokenlogger --Line relevenc flag : true
 29/05/2015 01:42:23 tokenlogger --Line rating : -1
 29/05/2015 01:42:23 tokenlogger --Line brk--
 29/05/2015 01:42:23 tokenlogger Network quality is great but certainly not value for money
 29/05/2015 01:42:23 tokenlogger 0|0|0|+1|0|0|0|-1|0|0|
 29/05/2015 01:42:23 tokenlogger  I can get better deals elsewhere 
 29/05/2015 01:42:23 tokenlogger 0|0|0|+1|0|-1|
 29/05/2015 01:42:23 tokenlogger --Line relevenc flag : true
 29/05/2015 01:42:23 tokenlogger --Line rating : 0
 29/05/2015 01:42:23 tokenlogger --Line brk--
 29/05/2015 01:42:23 tokenlogger Summer is finally here 
 29/05/2015 01:42:23 tokenlogger 0|0|0|0|
 29/05/2015 01:42:23 tokenlogger --Line relevenc flag : false
 29/05/2015 01:42:23 tokenlogger --Line rating : 0
 29/05/2015 01:42:23 tokenlogger --Line brk--
 29/05/2015 01:42:23 tokenlogger Amazing picture quality
 29/05/2015 01:42:23 tokenlogger +1|0|0|
 29/05/2015 01:42:23 tokenlogger  HD TV Rocks 
 29/05/2015 01:42:23 tokenlogger 0|0|+1|
 29/05/2015 01:42:23 tokenlogger --Line relevenc flag : true
 29/05/2015 01:42:23 tokenlogger --Line rating : 2
 29/05/2015 01:42:23 tokenlogger --Line brk--
 29/05/2015 01:42:23 tokenlogger The entire ordering process was a breeze
 29/05/2015 01:42:23 tokenlogger 0|0|0|0|0|0|+1|
 29/05/2015 01:42:23 tokenlogger  Loved it 
 29/05/2015 01:42:23 tokenlogger +1|0|
 29/05/2015 01:42:23 tokenlogger --Line relevenc flag : true
 29/05/2015 01:42:23 tokenlogger --Line rating : 2
 29/05/2015 01:42:23 tokenlogger --Line brk--
 29/05/2015 01:42:23 tokenlogger Arrived in a timely fashion
 29/05/2015 01:42:23 tokenlogger 0|0|0|+1|0|
 29/05/2015 01:42:23 tokenlogger  Plugged it in and it works like a charm
 29/05/2015 01:42:23 tokenlogger 0|0|0|0|0|0|0|0|+1|
 29/05/2015 01:42:23 tokenlogger  No more annoying beeping from the old battery
 29/05/2015 01:42:23 tokenlogger 0|0|-1|0|0|0|0|0|
 29/05/2015 01:42:23 tokenlogger  After doing some homework
 29/05/2015 01:42:23 tokenlogger 0|0|0|0|
 29/05/2015 01:42:23 tokenlogger  we found this price extremely affordable
 29/05/2015 01:42:23 tokenlogger 0|0|0|0|0|+1|
 29/05/2015 01:42:23 tokenlogger  
 29/05/2015 01:42:23 tokenlogger 
 29/05/2015 01:42:23 tokenlogger --Line relevenc flag : true
 29/05/2015 01:42:23 tokenlogger --Line rating : 2
 29/05/2015 01:42:23 tokenlogger --Line brk--
 29/05/2015 01:42:23 tokenlogger I took the day off yesterday for the installation
 29/05/2015 01:42:23 tokenlogger 0|0|0|0|0|0|0|0|0|
 29/05/2015 01:42:23 tokenlogger  whole family was around and the technician did not show up
 29/05/2015 01:42:23 tokenlogger 0|0|0|0|0|0|0|0|0|0|0|
 29/05/2015 01:42:23 tokenlogger  How do I cancel the service now
 29/05/2015 01:42:23 tokenlogger 0|0|0|-1|0|0|0|
 29/05/2015 01:42:23 tokenlogger  
 29/05/2015 01:42:23 tokenlogger 
 29/05/2015 01:42:23 tokenlogger --Line relevenc flag : true
 29/05/2015 01:42:23 tokenlogger --Line rating : -1
 29/05/2015 01:42:23 tokenlogger --Line brk--
 29/05/2015 01:42:23 tokenlogger It's been a crazy day
 29/05/2015 01:42:23 tokenlogger 0|0|0|-1|0|
 29/05/2015 01:42:23 tokenlogger  traffic is horrible 
 29/05/2015 01:42:23 tokenlogger 0|0|-3|
 29/05/2015 01:42:23 tokenlogger --Line relevenc flag : false
 29/05/2015 01:42:23 tokenlogger --Line rating : 0
 29/05/2015 01:42:23 tokenlogger --Line brk--
 29/05/2015 01:42:23 tokenlogger Blazing fast internet speeds
 29/05/2015 01:42:23 tokenlogger 0|+1|0|0|
 29/05/2015 01:42:23 tokenlogger  I'm blown away 
 29/05/2015 01:42:23 tokenlogger 0|0|0|
 29/05/2015 01:42:23 tokenlogger --Line relevenc flag : true
 29/05/2015 01:42:23 tokenlogger --Line rating : 1
 29/05/2015 01:42:23 tokenlogger --Line brk--
 29/05/2015 01:42:23 tokenlogger I have been talking to 5 agents so far
 29/05/2015 01:42:23 tokenlogger 0|0|0|0|0|0|0|0|0|
 29/05/2015 01:42:23 tokenlogger  still no end to my pain
 29/05/2015 01:42:23 tokenlogger 0|0|0|0|0|-3|
 29/05/2015 01:42:23 tokenlogger  phone can't be dead for 10 days
 29/05/2015 01:42:23 tokenlogger 0|0|0|-1|0|0|0|
 29/05/2015 01:42:23 tokenlogger  
 29/05/2015 01:42:23 tokenlogger 
 29/05/2015 01:42:23 tokenlogger --Line relevenc flag : true
 29/05/2015 01:42:23 tokenlogger --Line rating : -4
 29/05/2015 01:42:23 tokenlogger --Line brk--
 29/05/2015 01:42:23 tokenlogger Been a loyal customer for 3 years enjoying the service
 29/05/2015 01:42:23 tokenlogger 0|0|+1|0|0|0|0|+1|0|0|
 29/05/2015 01:42:23 tokenlogger  the last three months has been horrible 
 29/05/2015 01:42:23 tokenlogger 0|0|0|0|0|0|-3|
 29/05/2015 01:42:23 tokenlogger --Line relevenc flag : true
 29/05/2015 01:42:23 tokenlogger --Line rating : -1
 29/05/2015 01:42:23 tokenlogger --Line brk--
 29/05/2015 01:42:23 tokenlogger Network quality is great but certainly not value for money
 29/05/2015 01:42:23 tokenlogger 0|0|0|+1|0|0|0|-1|0|0|
 29/05/2015 01:42:23 tokenlogger  I can get better deals elsewhere 
 29/05/2015 01:42:23 tokenlogger 0|0|0|+1|0|-1|
 29/05/2015 01:42:23 tokenlogger --Line relevenc flag : true
 29/05/2015 01:42:23 tokenlogger --Line rating : 0
 29/05/2015 01:42:23 tokenlogger --Line brk--
 29/05/2015 01:42:23 tokenlogger Summer is finally here 
 29/05/2015 01:42:23 tokenlogger 0|0|0|0|
 29/05/2015 01:42:23 tokenlogger --Line relevenc flag : false
 29/05/2015 01:42:23 tokenlogger --Line rating : 0
 29/05/2015 01:42:23 tokenlogger --Line brk--
 29/05/2015 01:42:23 tokenlogger Amazing picture quality
 29/05/2015 01:42:23 tokenlogger +1|0|0|
 29/05/2015 01:42:23 tokenlogger  HD TV Rocks 
 29/05/2015 01:42:23 tokenlogger 0|0|+1|
 29/05/2015 01:42:23 tokenlogger --Line relevenc flag : true
 29/05/2015 01:42:23 tokenlogger --Line rating : 2
 29/05/2015 01:42:23 tokenlogger --Line brk--
 29/05/2015 01:42:23 tokenlogger The entire ordering process was a breeze
 29/05/2015 01:42:23 tokenlogger 0|0|0|0|0|0|+1|
 29/05/2015 01:42:23 tokenlogger  Loved it 
 29/05/2015 01:42:23 tokenlogger +1|0|
 29/05/2015 01:42:23 tokenlogger --Line relevenc flag : true
 29/05/2015 01:42:23 tokenlogger --Line rating : 2
 29/05/2015 01:42:23 tokenlogger --Line brk--
 29/05/2015 01:42:23 tokenlogger Arrived in a timely fashion
 29/05/2015 01:42:23 tokenlogger 0|0|0|+1|0|
 29/05/2015 01:42:23 tokenlogger  Plugged it in and it works like a charm
 29/05/2015 01:42:23 tokenlogger 0|0|0|0|0|0|0|0|+1|
 29/05/2015 01:42:23 tokenlogger  No more annoying beeping from the old battery
 29/05/2015 01:42:23 tokenlogger 0|0|-1|0|0|0|0|0|
 29/05/2015 01:42:23 tokenlogger  After doing some homework
 29/05/2015 01:42:23 tokenlogger 0|0|0|0|
 29/05/2015 01:42:23 tokenlogger  we found this price extremely affordable
 29/05/2015 01:42:23 tokenlogger 0|0|0|0|0|+1|
 29/05/2015 01:42:23 tokenlogger  
 29/05/2015 01:42:23 tokenlogger 
 29/05/2015 01:42:23 tokenlogger --Line relevenc flag : true
 29/05/2015 01:42:23 tokenlogger --Line rating : 2
 29/05/2015 01:42:23 tokenlogger --Line brk--
 29/05/2015 01:42:23 tokenlogger I took the day off yesterday for the installation
 29/05/2015 01:42:23 tokenlogger 0|0|0|0|0|0|0|0|0|
 29/05/2015 01:42:23 tokenlogger  whole family was around and the technician did not show up
 29/05/2015 01:42:23 tokenlogger 0|0|0|0|0|0|0|0|0|0|0|
 29/05/2015 01:42:23 tokenlogger  How do I cancel the service now
 29/05/2015 01:42:23 tokenlogger 0|0|0|-1|0|0|0|
 29/05/2015 01:42:23 tokenlogger  
 29/05/2015 01:42:23 tokenlogger 
 29/05/2015 01:42:23 tokenlogger --Line relevenc flag : true
 29/05/2015 01:42:23 tokenlogger --Line rating : -1
 29/05/2015 01:42:23 tokenlogger --Line brk--
 29/05/2015 01:42:23 tokenlogger It's been a crazy day
 29/05/2015 01:42:23 tokenlogger 0|0|0|-1|0|
 29/05/2015 01:42:23 tokenlogger  traffic is horrible 
 29/05/2015 01:42:23 tokenlogger 0|0|-3|
 29/05/2015 01:42:23 tokenlogger --Line relevenc flag : false
 29/05/2015 01:42:23 tokenlogger --Line rating : 0
 29/05/2015 01:42:23 tokenlogger --Line brk--
 29/05/2015 01:42:23 tokenlogger Blazing fast internet speeds
 29/05/2015 01:42:23 tokenlogger 0|+1|0|0|
 29/05/2015 01:42:23 tokenlogger  I'm blown away 
 29/05/2015 01:42:23 tokenlogger 0|0|0|
 29/05/2015 01:42:23 tokenlogger --Line relevenc flag : true
 29/05/2015 01:42:23 tokenlogger --Line rating : 1
 29/05/2015 01:42:23 tokenlogger --Line brk--
 29/05/2015 01:42:23 tokenlogger I have been talking to 5 agents so far
 29/05/2015 01:42:23 tokenlogger 0|0|0|0|0|0|0|0|0|
 29/05/2015 01:42:23 tokenlogger  still no end to my pain
 29/05/2015 01:42:23 tokenlogger 0|0|0|0|0|-3|
 29/05/2015 01:42:23 tokenlogger  phone can't be dead for 10 days
 29/05/2015 01:42:23 tokenlogger 0|0|0|-1|0|0|0|
 29/05/2015 01:42:23 tokenlogger  
 29/05/2015 01:42:23 tokenlogger 
 29/05/2015 01:42:23 tokenlogger --Line relevenc flag : true
 29/05/2015 01:42:23 tokenlogger --Line rating : -4
 29/05/2015 01:42:23 tokenlogger --Line brk--
 29/05/2015 01:42:23 tokenlogger Been a loyal customer for 3 years enjoying the service
 29/05/2015 01:42:23 tokenlogger 0|0|+1|0|0|0|0|+1|0|0|
 29/05/2015 01:42:23 tokenlogger  the last three months has been horrible 
 29/05/2015 01:42:23 tokenlogger 0|0|0|0|0|0|-3|
 29/05/2015 01:42:23 tokenlogger --Line relevenc flag : true
 29/05/2015 01:42:23 tokenlogger --Line rating : -1
 29/05/2015 01:42:23 tokenlogger --Line brk--
 29/05/2015 01:42:23 tokenlogger Network quality is great but certainly not value for money
 29/05/2015 01:42:23 tokenlogger 0|0|0|+1|0|0|0|-1|0|0|
 29/05/2015 01:42:23 tokenlogger  I can get better deals elsewhere 
 29/05/2015 01:42:23 tokenlogger 0|0|0|+1|0|-1|
 29/05/2015 01:42:23 tokenlogger --Line relevenc flag : true
 29/05/2015 01:42:23 tokenlogger --Line rating : 0
 29/05/2015 01:42:23 tokenlogger --Line brk--
 29/05/2015 01:42:23 tokenlogger Summer is finally here 
 29/05/2015 01:42:23 tokenlogger 0|0|0|0|
 29/05/2015 01:42:23 tokenlogger --Line relevenc flag : false
 29/05/2015 01:42:23 tokenlogger --Line rating : 0
 29/05/2015 01:42:23 tokenlogger --Line brk--
 29/05/2015 01:42:23 tokenlogger Amazing picture quality
 29/05/2015 01:42:23 tokenlogger +1|0|0|
 29/05/2015 01:42:23 tokenlogger  HD TV Rocks 
 29/05/2015 01:42:23 tokenlogger 0|0|+1|
 29/05/2015 01:42:23 tokenlogger --Line relevenc flag : true
 29/05/2015 01:42:23 tokenlogger --Line rating : 2
 29/05/2015 01:42:23 tokenlogger --Line brk--
 29/05/2015 01:42:23 tokenlogger The entire ordering process was a breeze
 29/05/2015 01:42:23 tokenlogger 0|0|0|0|0|0|+1|
 29/05/2015 01:42:23 tokenlogger  Loved it 
 29/05/2015 01:42:23 tokenlogger +1|0|
 29/05/2015 01:42:23 tokenlogger --Line relevenc flag : true
 29/05/2015 01:42:23 tokenlogger --Line rating : 2
 29/05/2015 01:42:23 tokenlogger --Line brk--
 29/05/2015 01:42:23 tokenlogger Arrived in a timely fashion
 29/05/2015 01:42:23 tokenlogger 0|0|0|+1|0|
 29/05/2015 01:42:23 tokenlogger  Plugged it in and it works like a charm
 29/05/2015 01:42:23 tokenlogger 0|0|0|0|0|0|0|0|+1|
 29/05/2015 01:42:23 tokenlogger  No more annoying beeping from the old battery
 29/05/2015 01:42:23 tokenlogger 0|0|-1|0|0|0|0|0|
 29/05/2015 01:42:23 tokenlogger  After doing some homework
 29/05/2015 01:42:23 tokenlogger 0|0|0|0|
 29/05/2015 01:42:23 tokenlogger  we found this price extremely affordable
 29/05/2015 01:42:23 tokenlogger 0|0|0|0|0|+1|
 29/05/2015 01:42:23 tokenlogger  
 29/05/2015 01:42:23 tokenlogger 
 29/05/2015 01:42:23 tokenlogger --Line relevenc flag : true
 29/05/2015 01:42:23 tokenlogger --Line rating : 2
 29/05/2015 01:42:23 tokenlogger --Line brk--
 29/05/2015 01:42:23 tokenlogger I took the day off yesterday for the installation
 29/05/2015 01:42:23 tokenlogger 0|0|0|0|0|0|0|0|0|
 29/05/2015 01:42:23 tokenlogger  whole family was around and the technician did not show up
 29/05/2015 01:42:23 tokenlogger 0|0|0|0|0|0|0|0|0|0|0|
 29/05/2015 01:42:23 tokenlogger  How do I cancel the service now
 29/05/2015 01:42:23 tokenlogger 0|0|0|-1|0|0|0|
 29/05/2015 01:42:23 tokenlogger  
 29/05/2015 01:42:23 tokenlogger 
 29/05/2015 01:42:23 tokenlogger --Line relevenc flag : true
 29/05/2015 01:42:23 tokenlogger --Line rating : -1
 29/05/2015 01:42:23 tokenlogger --Line brk--
 29/05/2015 01:42:23 tokenlogger It's been a crazy day
 29/05/2015 01:42:23 tokenlogger 0|0|0|-1|0|
 29/05/2015 01:42:23 tokenlogger  traffic is horrible 
 29/05/2015 01:42:23 tokenlogger 0|0|-3|
 29/05/2015 01:42:23 tokenlogger --Line relevenc flag : false
 29/05/2015 01:42:23 tokenlogger --Line rating : 0
 29/05/2015 01:42:23 tokenlogger --Line brk--
 